TN:
SF:app.js
FN:18,(anonymous_0)
FN:25,(anonymous_1)
FNF:2
FNH:2
FNDA:2,(anonymous_0)
FNDA:3,(anonymous_1)
DA:3,2
DA:5,2
DA:6,2
DA:8,2
DA:10,2
DA:11,2
DA:13,2
DA:14,2
DA:18,2
DA:19,2
DA:20,2
DA:25,2
DA:26,3
DA:28,3
DA:35,2
LF:15
LH:15
BRDA:26,0,0,3
BRDA:26,0,1,0
BRF:2
BRH:1
end_of_record
TN:
SF:db.js
FNF:0
FNH:0
DA:2,2
DA:7,2
DA:11,2
DA:12,2
DA:14,0
DA:17,2
DA:23,2
DA:25,2
LF:8
LH:7
BRDA:11,0,0,2
BRDA:11,0,1,0
BRF:2
BRH:1
end_of_record
TN:
SF:expressError.js
FN:8,(anonymous_0)
FNF:1
FNH:1
FNDA:3,(anonymous_0)
DA:9,3
DA:10,3
DA:11,3
DA:12,3
DA:17,2
LF:5
LH:5
BRF:0
BRH:0
end_of_record
TN:
SF:routes/companies.js
FN:6,(anonymous_0)
FN:15,(anonymous_1)
FN:29,(anonymous_2)
FN:39,(anonymous_3)
FN:53,(anonymous_4)
FNF:5
FNH:4
FNDA:1,(anonymous_0)
FNDA:2,(anonymous_1)
FNDA:1,(anonymous_2)
FNDA:0,(anonymous_3)
FNDA:1,(anonymous_4)
DA:1,2
DA:2,2
DA:3,2
DA:4,2
DA:6,2
DA:7,1
DA:8,1
DA:9,1
DA:11,0
DA:15,2
DA:16,2
DA:17,2
DA:18,2
DA:19,2
DA:20,2
DA:21,1
DA:23,1
DA:25,1
DA:29,2
DA:30,1
DA:31,1
DA:32,1
DA:33,1
DA:35,0
DA:39,2
DA:40,0
DA:41,0
DA:42,0
DA:43,0
DA:44,0
DA:45,0
DA:47,0
DA:49,0
DA:53,2
DA:54,1
DA:55,1
DA:56,1
DA:58,0
DA:62,2
LF:39
LH:28
BRDA:20,0,0,1
BRDA:20,0,1,1
BRDA:44,1,0,0
BRDA:44,1,1,0
BRF:4
BRH:2
end_of_record
TN:
SF:routes/invoices.js
FN:6,(anonymous_0)
FN:15,(anonymous_1)
FN:29,(anonymous_2)
FN:39,(anonymous_3)
FN:53,(anonymous_4)
FNF:5
FNH:0
FNDA:0,(anonymous_0)
FNDA:0,(anonymous_1)
FNDA:0,(anonymous_2)
FNDA:0,(anonymous_3)
FNDA:0,(anonymous_4)
DA:1,2
DA:2,2
DA:3,2
DA:4,2
DA:6,2
DA:7,0
DA:8,0
DA:9,0
DA:11,0
DA:15,2
DA:16,0
DA:17,0
DA:18,0
DA:19,0
DA:20,0
DA:21,0
DA:23,0
DA:25,0
DA:29,2
DA:30,0
DA:31,0
DA:32,0
DA:33,0
DA:35,0
DA:39,2
DA:40,0
DA:41,0
DA:42,0
DA:43,0
DA:44,0
DA:45,0
DA:47,0
DA:49,0
DA:53,2
DA:54,0
DA:55,0
DA:56,0
DA:58,0
DA:63,2
LF:39
LH:10
BRDA:20,0,0,0
BRDA:20,0,1,0
BRDA:44,1,0,0
BRDA:44,1,1,0
BRF:4
BRH:0
end_of_record
